<?xml version="1.0" encoding="UTF-8"?>
<!-- Generated by org.testng.reporters.JUnitXMLReporter -->
<testsuite hostname="surender-pc" ignored="0" name="parallelTest" tests="6" failures="1" timestamp="22 Oct 2017 02:31:35 GMT" time="22.348" errors="0">
  <testcase name="googleSuggestions" time="7.921" classname="testngdemo.GoogleSuggestions"/>
  <testcase name="f" time="2.187" classname="testngdemo.googleDemo"/>
  <testcase name="signIn" time="0.001" classname="testngdemo.FcebookDependsOnMethods">
    <failure type="java.lang.NullPointerException">
      <![CDATA[java.lang.NullPointerException
	at testngdemo.FcebookDependsOnMethods.signIn(FcebookDependsOnMethods.java:36)
	at java.util.concurrent.ThreadPoolExecutor.runWorker(ThreadPoolExecutor.java:1142)
	at java.util.concurrent.ThreadPoolExecutor$Worker.run(ThreadPoolExecutor.java:617)
	at java.lang.Thread.run(Thread.java:748)
... Removed 10 stack frames]]>
    </failure>
  </testcase> <!-- signIn -->
  <testcase name="logOUT" time="0.0" classname="testngdemo.FcebookDependsOnMethods">
    <skipped/>
  </testcase> <!-- logOUT -->
  <testcase name="g" time="2.346" classname="testngdemo.googleDemo"/>
  <testcase name="openBrowser" time="17.402" classname="testngdemo.FcebookDependsOnMethods"/>
</testsuite> <!-- parallelTest -->
