<?xml version="1.0" encoding="UTF-8"?>
<!-- Generated by org.testng.reporters.JUnitXMLReporter -->
<testsuite hostname="surender-pc" ignored="3" name="groupsTest" tests="2" failures="0" timestamp="22 Oct 2017 01:59:20 GMT" time="0.04" errors="0">
  <testcase name="smokeTest1" time="0.011" classname="testngdemo.GroupingDemo"/>
  <testcase name="smokeTest2" time="0.002" classname="testngdemo.GroupingDemo"/>
  <testcase name="sanityTest1" time="0.0" classname="testngdemo.GroupingDemo">
    <ignored/>
  </testcase> <!-- sanityTest1 -->
  <testcase name="regressionTest1" time="0.0" classname="testngdemo.GroupingDemo">
    <ignored/>
  </testcase> <!-- regressionTest1 -->
  <testcase name="regressionTest2" time="0.0" classname="testngdemo.GroupingDemo">
    <ignored/>
  </testcase> <!-- regressionTest2 -->
</testsuite> <!-- groupsTest -->
