<?xml version="1.0" encoding="UTF-8"?>
<!-- Generated by org.testng.reporters.JUnitXMLReporter -->
<testsuite hostname="surender-pc" ignored="0" name="YahooTest" tests="5" failures="0" timestamp="19 Oct 2017 01:44:27 GMT" time="46.54" errors="0">
  <testcase name="yahooSearchTest" time="2.89" classname="testngdemo.YahooDrivenTest"/>
  <testcase name="yahooSearchTest" time="2.201" classname="testngdemo.YahooDrivenTest"/>
  <testcase name="yahooSearchTest" time="1.685" classname="testngdemo.YahooDrivenTest"/>
  <testcase name="f" time="0.967" classname="testngdemo.googleDemo"/>
  <testcase name="g" time="1.941" classname="testngdemo.googleDemo"/>
</testsuite> <!-- YahooTest -->
